<?xml version="1.0" encoding="UTF-8"?>
<!-- Generated by org.testng.reporters.JUnitXMLReporter -->
<testsuite hostname="KESAVAN-PC" ignored="1" name="Default test(failed)" tests="1" failures="0" timestamp="2021-02-25T09:59:27 IST" time="0.07" errors="0">
  <testcase name="launchFB" time="0.012" classname="com.testNG.ParallelTest"/>
  <testcase name="launchGoogle" time="0.0" classname="com.testNG.ParallelTest">
    <ignored/>
  </testcase> <!-- launchGoogle -->
</testsuite> <!-- Default test(failed) -->
