<?xml version="1.0" encoding="UTF-8"?>
<testng-results skipped="0" failed="0" ignored="0" total="2" passed="2">
  <reporter-output>
  </reporter-output>
  <suite name="Default suite" duration-ms="82" started-at="2021-02-25T10:07:02 IST" finished-at="2021-02-25T10:07:02 IST">
    <groups>
    </groups>
    <test name="Default test" duration-ms="82" started-at="2021-02-25T10:07:02 IST" finished-at="2021-02-25T10:07:02 IST">
      <class name="com.testNG.DataProviderDemo">
        <test-method status="PASS" signature="setUp()[pri:0, instance:com.testNG.DataProviderDemo@6e6c3152]" name="setUp" is-config="true" duration-ms="14" started-at="2021-02-25T10:07:02 IST" finished-at="2021-02-25T10:07:02 IST">
          <reporter-output>
          </reporter-output>
        </test-method> <!-- setUp -->
        <test-method status="PASS" signature="loginDetails(java.lang.String, java.lang.String)[pri:0, instance:com.testNG.DataProviderDemo@6e6c3152]" name="loginDetails" duration-ms="19" started-at="2021-02-25T10:07:02 IST" data-provider="demoDataProvider" finished-at="2021-02-25T10:07:02 IST">
          <params>
            <param index="0">
              <value>
                <![CDATA[aaa]]>
              </value>
            </param>
            <param index="1">
              <value>
                <![CDATA[111]]>
              </value>
            </param>
          </params>
          <reporter-output>
          </reporter-output>
        </test-method> <!-- loginDetails -->
        <test-method status="PASS" signature="loginDetails(java.lang.String, java.lang.String)[pri:0, instance:com.testNG.DataProviderDemo@6e6c3152]" name="loginDetails" duration-ms="2" started-at="2021-02-25T10:07:02 IST" data-provider="demoDataProvider" finished-at="2021-02-25T10:07:02 IST">
          <params>
            <param index="0">
              <value>
                <![CDATA[bbb]]>
              </value>
            </param>
            <param index="1">
              <value>
                <![CDATA[222]]>
              </value>
            </param>
          </params>
          <reporter-output>
          </reporter-output>
        </test-method> <!-- loginDetails -->
        <test-method status="PASS" signature="deleteCookies()[pri:0, instance:com.testNG.DataProviderDemo@6e6c3152]" name="deleteCookies" is-config="true" duration-ms="1" started-at="2021-02-25T10:07:02 IST" finished-at="2021-02-25T10:07:02 IST">
          <reporter-output>
          </reporter-output>
        </test-method> <!-- deleteCookies -->
      </class> <!-- com.testNG.DataProviderDemo -->
    </test> <!-- Default test -->
  </suite> <!-- Default suite -->
</testng-results>
